#
# A fatal error has been detected by the Java Runtime Environment:
#
#  EXCEPTION_ACCESS_VIOLATION (0xc0000005) at pc=0x00007ffa0e41fa2a, pid=12500, tid=12676
#
# JRE version: OpenJDK Runtime Environment Temurin-17.0.4.1+1 (17.0.4.1+1) (build 17.0.4.1+1)
# Java VM: OpenJDK 64-Bit Server VM Temurin-17.0.4.1+1 (17.0.4.1+1, mixed mode, tiered, compressed oops, compressed class ptrs, g1 gc, windows-amd64)
# Problematic frame:
# V  [jvm.dll+0x79fa2a]
#
# No core dump will be written. Minidumps are not enabled by default on client versions of Windows
#
# If you would like to submit a bug report, please visit:
#   https://github.com/adoptium/adoptium-support/issues
#

---------------  S U M M A R Y ------------

Command Line: -XX:+ShowCodeDetailsInExceptionMessages -agentlib:jdwp=transport=dt_socket,suspend=y,address=localhost:61884 -javaagent:C:\Users\user\Downloads\sts-4.16.0.RELEASE\configuration\org.eclipse.osgi\268\0\.cp\lib\javaagent-shaded.jar -Dfile.encoding=UTF-8 SaisonTest

Host: Intel(R) Core(TM) i5-7200U CPU @ 2.50GHz, 4 cores, 7G,  Windows 10 , 64 bit Build 19041 (10.0.19041.1889)
Time: Tue Oct 25 23:16:08 2022 Paris, Madrid (heure duild 19041 (10.0.19041.1889) elapsed time: 78.939288 seconds (0d 0h 1m 18s)

---------------  T H R E A D  ---------------

Current thread (0x0000014554651fd0):  JavaThread "JDWP Transport Listener: dt_socket" daemon [_thread_in_vm, id=12676, stack(0x0000000cf9c00000,0x0000000cf9d00000)]

Stack: [0x0000000cf9c00000,0x0000000cf9d00000],  sp=0x0000000cf9cff370,  free space=1020k
Native frames: (J=compiled Java code, j=interpreted, Vv=VM code, C=native code)
V  [jvm.dll+0x79fa2a]
V  [jvm.dll+0x50965c]
V  [jvm.dll+0x4d0cc4]
C  [jdwp.dll+0x22f7b]


siginfo: EXCEPTION_ACCESS_VIOLATION (0xc0000005), reading address 0x0000000000650009


Register to memory mapping:

RIP=0x00007ffa0e41fa2a jvm.dll
RAX=0x0000000000000064 is an unknown value
RBX=0x000001455442a373 points into unknown readable memory: 00 00 00 00 00
RCX=0x0000000000650005 is an unknown value
RDX=0x0000014554b97a90 points into unknown readable memory: 0x696769642f72664c | 4c 66 72 2f 64 69 67 69
RSP=0x0000000cf9cff370 is pointing into the stack for thread: 0x0000014554651fd0
RBP=0x00000145546d7ca0 points into unknown readable memory: 0x0000000000000002 | 02 00 00 00 00 00 00 00
RSI=0x0 is NULL
RDI=0xffffffffffffffff is an unknown value
R8 =0x000000000000011b is an unknown value
R9 =0x0000000000000040 is an unknown value
R10=0x0000000000000100 is an unknown value
R11=0x0000000cf9cff390 is pointing into the stack for thread: 0x0000014554651fd0
R12=0x0000000cf9cff4c8 is pointing into the stack for thread: 0x0000014554651fd0
R13=0x0 is NULL
R14=0x0000000100105288 is a pointer to class: 
fr.diginamic.enumerations.Saison {0x0000000100105290}
 - instance size:     4
 - klass size:        73
 - access:            public final synchronized 
 - state:             fully_initialized
 - name:              'fr/diginamic/enumerations/Saison'
 - super:             'java/lang/Enum'
 - sub:               
 - arrays:            'fr/diginamic/enumerations/Saison'[]
 - methods:           Array<T>(0x000001455543b660)
 - method ordering:   Array<T>(0x000001455543bcc0)
 - default_methods:   Array<T>(0x0000000000000000)
 - local interfaces:  Array<T>(0x0000014553c00058)
 - trans. interfaces: Array<T>(0x0000014553ea5f20)
 - constants:         constant pool [118] {0x000001455543de78} for 'fr/diginamic/enumerations/Saison' cache=0x000001455543b1f8
 - class loader data:  loader data: 0x000001455391d810 for instance a 'jdk/internal/loader/ClassLoaders$AppClassLoader'{0x000000008999aa68}
 - source file:       'Saison.java'
 - source debug extension:       SMAP
Saison.java
Java
*S jdt
*F
1 Saison.java
2 file:/C:/work-space-java-2/demo-tests-unitaires/target/classes/
*L
*E

 - class annotations:       Array<T>(0x0000000000000000)
 - class type annotations:  Array<T>(0x0000000000000000)
 - field annotations:       Array<T>(0x0000000000000000)
 - field type annotations:  Array<T>(0x0000000000000000)
 - generic signature: '
[error occurred during error reporting (printing register info), id 0xc0000005, EXCEPTION_ACCESS_VIOLATION (0xc0000005) at pc=0x00007ffa0e420636]

Registers:
RAX=0x0000000000000064, RBX=0x000001455442a373, RCX=0x0000000000650005, RDX=0x0000014554b97a90
RSP=0x0000000cf9cff370, RBP=0x00000145546d7ca0, RSI=0x0000000000000000, RDI=0xffffffffffffffff
R8 =0x000000000000011b, R9 =0x0000000000000040, R10=0x0000000000000100, R11=0x0000000cf9cff390
R12=0x0000000cf9cff4c8, R13=0x0000000000000000, R14=0x0000000100105288, R15=0x0000000cf9cff518
RIP=0x00007ffa0e41fa2a, EFLAGS=0x0000000000010202

Top of Stack: (sp=0x0000000cf9cff370)
0x0000000cf9cff370:   0000000000000020 0000000100105288
0x0000000cf9cff380:   0000014554651fd0 0000000000000000
0x0000000cf9cff390:   ffffffffffffffff 00007ffa0e18965c
0x0000000cf9cff3a0:   000001455442a373 000001455442a350
0x0000000cf9cff3b0:   00000145546d7ca0 0000014554b97a30
0x0000000cf9cff3c0:   000001455442a310 00000000000003d8
0x0000000cf9cff3d0:   000001455442a320 000001455442a6f8
0x0000000cf9cff3e0:   0000000000000002 0000000cf9cff4c8
0x0000000cf9cff3f0:   0000000000000000 0000000000000000
0x0000000cf9cff400:   0000000089407168 00007ffa0e150cc4
0x0000000cf9cff410:   0000014554651fd0 0000000cf9cff518
0x0000000cf9cff420:   00000145382cc4c0 0000000cf9cff518
0x0000000cf9cff430:   0000014554651fd0 0000000000000000
0x0000000cf9cff440:   0000014500000000 0000000000000000
0x0000000cf9cff450:   000000000000000d 00007ffa4ac02f7b
0x0000000cf9cff460:   0000000cf9cff510 00007ffa4ac11600 

Instructions: (pc=0x00007ffa0e41fa2a)
0x00007ffa0e41f92a:   48 83 c4 20 5f e9 bc 69 90 ff cc cc cc cc cc cc
0x00007ffa0e41f93a:   cc cc cc cc cc cc 48 89 5c 24 08 57 48 83 ec 20
0x00007ffa0e41f94a:   83 fa 02 8d 42 06 b9 08 00 00 00 49 8b d8 0f 4e
0x00007ffa0e41f95a:   c1 48 63 c8 48 83 c1 07 83 e1 f8 48 63 f9 49 8b
0x00007ffa0e41f96a:   48 18 48 8b c7 48 f7 d0 48 3b c1 73 16 4c 8d 05
0x00007ffa0e41f97a:   ba 58 17 00 48 8b d7 48 8b cb e8 c7 cc 90 ff 48
0x00007ffa0e41f98a:   8b 4b 18 48 8d 04 39 48 3b 43 20 76 18 45 33 c0
0x00007ffa0e41f99a:   48 8b d7 48 8b cb 48 8b 5c 24 30 48 83 c4 20 5f
0x00007ffa0e41f9aa:   e9 21 c9 90 ff 48 89 43 18 48 8b c1 48 8b 5c 24
0x00007ffa0e41f9ba:   30 48 83 c4 20 5f c3 cc cc cc cc cc cc cc cc cc
0x00007ffa0e41f9ca:   cc cc cc cc cc cc 4c 8b d2 4c 8b d9 45 85 c0 7e
0x00007ffa0e41f9da:   3c 44 0f b7 49 04 41 8d 40 ff 41 3b c1 44 0f 4c
0x00007ffa0e41f9ea:   c8 4d 63 c1 45 85 c9 7e 1f 48 8b c2 4c 2b da 49
0x00007ffa0e41f9fa:   8b d0 0f 1f 40 00 41 0f b6 4c 03 06 88 08 48 8d
0x00007ffa0e41fa0a:   40 01 48 83 ea 01 75 ee 43 c6 04 10 00 49 8b c2
0x00007ffa0e41fa1a:   c3 cc cc cc cc cc 48 89 5c 24 08 57 48 83 ec 20
0x00007ffa0e41fa2a:   0f b7 59 04 48 8b f9 33 d2 48 8d 4b 01 e8 f4 d9
0x00007ffa0e41fa3a:   f2 ff 0f b7 57 04 4c 8b c0 3b da 0f 42 d3 44 8b
0x00007ffa0e41fa4a:   ca 85 d2 74 39 48 2b f8 0f 1f 40 00 66 66 0f 1f
0x00007ffa0e41fa5a:   84 00 00 00 00 00 0f b6 4c 07 06 88 08 48 ff c0
0x00007ffa0e41fa6a:   48 8b c8 49 2b c8 49 3b c9 7c eb 42 c6 04 02 00
0x00007ffa0e41fa7a:   49 8b c0 48 8b 5c 24 30 48 83 c4 20 5f c3 48 8b
0x00007ffa0e41fa8a:   5c 24 30 c6 04 02 00 48 83 c4 20 5f c3 cc cc cc
0x00007ffa0e41fa9a:   cc cc cc cc cc cc 4c 8b d1 45 85 c0 7e 6c 44 0f
0x00007ffa0e41faaa:   b7 49 04 41 8d 40 ff 41 3b c1 44 0f 4c c8 4d 63
0x00007ffa0e41faba:   d9 45 85 c9 7e 22 48 8b ca 4c 2b d2 4d 8b c3 0f
0x00007ffa0e41faca:   1f 80 00 00 00 00 41 0f b6 44 0a 06 88 01 48 8d
0x00007ffa0e41fada:   49 01 49 83 e8 01 75 ee 41 c6 04 13 00 48 c7 c0
0x00007ffa0e41faea:   ff ff ff ff 66 90 48 ff c0 80 3c 02 00 75 f7 48
0x00007ffa0e41fafa:   63 c8 85 c0 48 8b c2 7e 14 80 38 2f 75 03 c6 00
0x00007ffa0e41fb0a:   2e 48 ff c0 48 83 e9 01 75 ef 48 8b c2 c3 cc cc
0x00007ffa0e41fb1a:   cc cc cc cc cc cc 48 83 ec 28 e8 f7 fe ff ff 4c 


Stack slot to memory mapping:
stack at sp + 0 slots: 0x0000000000000020 is an unknown value
stack at sp + 1 slots: 0x0000000100105288 is a pointer to class: 
fr.diginamic.enumerations.Saison {0x0000000100105290}
 - instance size:     4
 - klass size:        73
 - access:            public final synchronized 
 - state:             fully_initialized
 - name:              'fr/diginamic/enumerations/Saison'
 - super:             'java/lang/Enum'
 - sub:               
 - arrays:            'fr/diginamic/enumerations/Saison'[]
 - methods:           Array<T>(0x000001455543b660)
 - method ordering:   Array<T>(0x000001455543bcc0)
 - default_methods:   Array<T>(0x0000000000000000)
 - local interfaces:  Array<T>(0x0000014553c00058)
 - trans. interfaces: Array<T>(0x0000014553ea5f20)
 - constants:         constant pool [118] {0x000001455543de78} for 'fr/diginamic/enumerations/Saison' cache=0x000001455543b1f8
 - class loader data:  loader data: 0x000001455391d810 for instance a 'jdk/internal/loader/ClassLoaders$AppClassLoader'{0x000000008999aa68}
 - source file:       'Saison.java'
 - source debug extension:       SMAP
Saison.java
Java
*S jdt
*F
1 Saison.java
2 file:/C:/work-space-java-2/demo-tests-unitaires/target/classes/
*L
*E

 - class annotations:       Array<T>(0x0000000000000000)
 - class type annotations:  Array<T>(0x0000000000000000)
 - field annotations:       Array<T>(0x0000000000000000)
 - field type annotations:  Array<T>(0x0000000000000000)
 - generic signature: '
[error occurred during error reporting (inspecting top of stack), id 0xc0000005, EXCEPTION_ACCESS_VIOLATION (0xc0000005) at pc=0x00007ffa0e420636]


---------------  P R O C E S S  ---------------

Threads class SMR info:
_java_thread_list=0x0000014554b97970, length=15, elements={
0x00000145382df2d0, 0x0000014553918840, 0x000001455391a7e0, 0x000001455396d7b0,
0x0000014553970a80, 0x0000014553971640, 0x0000014554412f10, 0x0000014554413dc0,
0x0000014554416870, 0x0000014554428a30, 0x00000145545054e0, 0x0000014554651fd0,
0x0000014554655010, 0x0000014554656720, 0x0000014554d8d0f0
}

Java Threads: ( => current thread )
  0x00000145382df2d0 JavaThread "main" [_thread_blocked, id=13776, stack(0x0000000cf8b00000,0x0000000cf8c00000)]
  0x0000014553918840 JavaThread "Reference Handler" daemon [_thread_blocked, id=9888, stack(0x0000000cf9200000,0x0000000cf9300000)]
  0x000001455391a7e0 JavaThread "Finalizer" daemon [_thread_blocked, id=2500, stack(0x0000000cf9300000,0x0000000cf9400000)]
  0x000001455396d7b0 JavaThread "Signal Dispatcher" daemon [_thread_blocked, id=5968, stack(0x0000000cf9400000,0x0000000cf9500000)]
  0x0000014553970a80 JavaThread "Attach Listener" daemon [_thread_blocked, id=8684, stack(0x0000000cf9500000,0x0000000cf9600000)]
  0x0000014553971640 JavaThread "Service Thread" daemon [_thread_blocked, id=1920, stack(0x0000000cf9600000,0x0000000cf9700000)]
  0x0000014554412f10 JavaThread "Monitor Deflation Thread" daemon [_thread_blocked, id=9332, stack(0x0000000cf9700000,0x0000000cf9800000)]
  0x0000014554413dc0 JavaThread "C2 CompilerThread0" daemon [_thread_blocked, id=2120, stack(0x0000000cf9800000,0x0000000cf9900000)]
  0x0000014554416870 JavaThread "C1 CompilerThread0" daemon [_thread_blocked, id=7204, stack(0x0000000cf9900000,0x0000000cf9a00000)]
  0x0000014554428a30 JavaThread "Sweeper thread" daemon [_thread_blocked, id=6888, stack(0x0000000cf9a00000,0x0000000cf9b00000)]
  0x00000145545054e0 JavaThread "Common-Cleaner" daemon [_thread_blocked, id=2780, stack(0x0000000cf9b00000,0x0000000cf9c00000)]
=>0x0000014554651fd0 JavaThread "JDWP Transport Listener: dt_socket" daemon [_thread_in_vm, id=12676, stack(0x0000000cf9c00000,0x0000000cf9d00000)]
  0x0000014554655010 JavaThread "JDWP Event Helper Thread" daemon [_thread_blocked, id=4916, stack(0x0000000cf9d00000,0x0000000cf9e00000)]
  0x0000014554656720 JavaThread "JDWP Command Reader" daemon [_thread_in_native, id=11024, stack(0x0000000cf9e00000,0x0000000cf9f00000)]
  0x0000014554d8d0f0 JavaThread "Notification Thread" daemon [_thread_blocked, id=5128, stack(0x0000000cf9f00000,0x0000000cfa000000)]

Other Threads:
  0x000001455393be60 VMThread "VM Thread" [stack: 0x0000000cf9100000,0x0000000cf9200000] [id=2308]
  0x0000014554c2da80 WatcherThread [stack: 0x0000000cfa000000,0x0000000cfa100000] [id=10204]
  0x000001453833b0b0 GCTaskThread "GC Thread#0" [stack: 0x0000000cf8c00000,0x0000000cf8d00000] [id=15352]
  0x000001453834ccc0 ConcurrentGCThread "G1 Main Marker" [stack: 0x0000000cf8d00000,0x0000000cf8e00000] [id=3972]
  0x000001453834ee80 ConcurrentGCThread "G1 Conc#0" [stack: 0x0000000cf8e00000,0x0000000cf8f00000] [id=9156]
  0x0000014553790090 ConcurrentGCThread "G1 Refine#0" [stack: 0x0000000cf8f00000,0x0000000cf9000000] [id=6740]
  0x0000014553790ab0 ConcurrentGCThread "G1 Service" [stack: 0x0000000cf9000000,0x0000000cf9100000] [id=4860]

Threads with active compile tasks:

VM state: not at safepoint (normal execution)

VM Mutex/Monitor currently owned by a thread: None

Heap address: 0x0000000081a00000, size: 2022 MB, Compressed Oops mode: 32-bit

CDS archive(s) not mapped
Compressed class space mapped at: 0x0000000100000000-0x0000000140000000, reserved size: 1073741824
Narrow klass base: 0x0000000000000000, Narrow klass shift: 3, Narrow klass range: 0x140000000

GC Precious Log:
 CPUs: 4 total, 4 available
 Memory: 8086M
 Large Page Support: Disabled
 NUMA Support: Disabled
 Compressed Oops: Enabled (32-bit)
 Heap Region Size: 1M
 Heap Min Capacity: 8M
 Heap Initial Capacity: 128M
 Heap Max Capacity: 2022M
 Pre-touch: Disabled
 Parallel Workers: 4
 Concurrent Workers: 1
 Concurrent Refinement Workers: 4
 Periodic GC: Disabled

Heap:
 garbage-first heap   total 131072K, used 5120K [0x0000000081a00000, 0x0000000100000000)
  region size 1024K, 6 young (6144K), 0 survivors (0K)
 Metaspace       used 9376K, committed 9472K, reserved 1064960K
  class space    used 809K, committed 896K, reserved 1048576K

Heap Regions: E=young(eden), S=young(survivor), O=old, HS=humongous(starts), HC=humongous(continues), CS=collection set, F=free, OA=open archive, CA=closed archive, TAMS=top-at-mark-start (previous, next)
|   0|0x0000000081a00000, 0x0000000081a00000, 0x0000000081b00000|  0%| F|  |TAMS 0x0000000081a00000, 0x0000000081a00000| Untracked 
|   1|0x0000000081b00000, 0x0000000081b00000, 0x0000000081c00000|  0%| F|  |TAMS 0x0000000081b00000, 0x0000000081b00000| Untracked 
|   2|0x0000000081c00000, 0x0000000081c00000, 0x0000000081d00000|  0%| F|  |TAMS 0x0000000081c00000, 0x0000000081c00000| Untracked 
|   3|0x0000000081d00000, 0x0000000081d00000, 0x0000000081e00000|  0%| F|  |TAMS 0x0000000081d00000, 0x0000000081d00000| Untracked 
|   4|0x0000000081e00000, 0x0000000081e00000, 0x0000000081f00000|  0%| F|  |TAMS 0x0000000081e00000, 0x0000000081e00000| Untracked 
|   5|0x0000000081f00000, 0x0000000081f00000, 0x0000000082000000|  0%| F|  |TAMS 0x0000000081f00000, 0x0000000081f00000| Untracked 
|   6|0x0000000082000000, 0x0000000082000000, 0x0000000082100000|  0%| F|  |TAMS 0x0000000082000000, 0x0000000082000000| Untracked 
|   7|0x0000000082100000, 0x0000000082100000, 0x0000000082200000|  0%| F|  |TAMS 0x0000000082100000, 0x0000000082100000| Untracked 
|   8|0x0000000082200000, 0x0000000082200000, 0x0000000082300000|  0%| F|  |TAMS 0x0000000082200000, 0x0000000082200000| Untracked 
|   9|0x0000000082300000, 0x0000000082300000, 0x0000000082400000|  0%| F|  |TAMS 0x0000000082300000, 0x0000000082300000| Untracked 
|  10|0x0000000082400000, 0x0000000082400000, 0x0000000082500000|  0%| F|  |TAMS 0x0000000082400000, 0x0000000082400000| Untracked 
|  11|0x0000000082500000, 0x0000000082500000, 0x0000000082600000|  0%| F|  |TAMS 0x0000000082500000, 0x0000000082500000| Untracked 
|  12|0x0000000082600000, 0x0000000082600000, 0x0000000082700000|  0%| F|  |TAMS 0x0000000082600000, 0x0000000082600000| Untracked 
|  13|0x0000000082700000, 0x0000000082700000, 0x0000000082800000|  0%| F|  |TAMS 0x0000000082700000, 0x0000000082700000| Untracked 
|  14|0x0000000082800000, 0x0000000082800000, 0x0000000082900000|  0%| F|  |TAMS 0x0000000082800000, 0x0000000082800000| Untracked 
|  15|0x0000000082900000, 0x0000000082900000, 0x0000000082a00000|  0%| F|  |TAMS 0x0000000082900000, 0x0000000082900000| Untracked 
|  16|0x0000000082a00000, 0x0000000082a00000, 0x0000000082b00000|  0%| F|  |TAMS 0x0000000082a00000, 0x0000000082a00000| Untracked 
|  17|0x0000000082b00000, 0x0000000082b00000, 0x0000000082c00000|  0%| F|  |TAMS 0x0000000082b00000, 0x0000000082b00000| Untracked 
|  18|0x0000000082c00000, 0x0000000082c00000, 0x0000000082d00000|  0%| F|  |TAMS 0x0000000082c00000, 0x0000000082c00000| Untracked 
|  19|0x0000000082d00000, 0x0000000082d00000, 0x0000000082e00000|  0%| F|  |TAMS 0x0000000082d00000, 0x0000000082d00000| Untracked 
|  20|0x0000000082e00000, 0x0000000082e00000, 0x0000000082f00000|  0%| F|  |TAMS 0x0000000082e00000, 0x0000000082e00000| Untracked 
|  21|0x0000000082f00000, 0x0000000082f00000, 0x0000000083000000|  0%| F|  |TAMS 0x0000000082f00000, 0x0000000082f00000| Untracked 
|  22|0x0000000083000000, 0x0000000083000000, 0x0000000083100000|  0%| F|  |TAMS 0x0000000083000000, 0x0000000083000000| Untracked 
|  23|0x0000000083100000, 0x0000000083100000, 0x0000000083200000|  0%| F|  |TAMS 0x0000000083100000, 0x0000000083100000| Untracked 
|  24|0x0000000083200000, 0x0000000083200000, 0x0000000083300000|  0%| F|  |TAMS 0x0000000083200000, 0x0000000083200000| Untracked 
|  25|0x0000000083300000, 0x0000000083300000, 0x0000000083400000|  0%| F|  |TAMS 0x0000000083300000, 0x0000000083300000| Untracked 
|  26|0x0000000083400000, 0x0000000083400000, 0x0000000083500000|  0%| F|  |TAMS 0x0000000083400000, 0x0000000083400000| Untracked 
|  27|0x0000000083500000, 0x0000000083500000, 0x0000000083600000|  0%| F|  |TAMS 0x0000000083500000, 0x0000000083500000| Untracked 
|  28|0x0000000083600000, 0x0000000083600000, 0x0000000083700000|  0%| F|  |TAMS 0x0000000083600000, 0x0000000083600000| Untracked 
|  29|0x0000000083700000, 0x0000000083700000, 0x0000000083800000|  0%| F|  |TAMS 0x0000000083700000, 0x0000000083700000| Untracked 
|  30|0x0000000083800000, 0x0000000083800000, 0x0000000083900000|  0%| F|  |TAMS 0x0000000083800000, 0x0000000083800000| Untracked 
|  31|0x0000000083900000, 0x0000000083900000, 0x0000000083a00000|  0%| F|  |TAMS 0x0000000083900000, 0x0000000083900000| Untracked 
|  32|0x0000000083a00000, 0x0000000083a00000, 0x0000000083b00000|  0%| F|  |TAMS 0x0000000083a00000, 0x0000000083a00000| Untracked 
|  33|0x0000000083b00000, 0x0000000083b00000, 0x0000000083c00000|  0%| F|  |TAMS 0x0000000083b00000, 0x0000000083b00000| Untracked 
|  34|0x0000000083c00000, 0x0000000083c00000, 0x0000000083d00000|  0%| F|  |TAMS 0x0000000083c00000, 0x0000000083c00000| Untracked 
|  35|0x0000000083d00000, 0x0000000083d00000, 0x0000000083e00000|  0%| F|  |TAMS 0x0000000083d00000, 0x0000000083d00000| Untracked 
|  36|0x0000000083e00000, 0x0000000083e00000, 0x0000000083f00000|  0%| F|  |TAMS 0x0000000083e00000, 0x0000000083e00000| Untracked 
|  37|0x0000000083f00000, 0x0000000083f00000, 0x0000000084000000|  0%| F|  |TAMS 0x0000000083f00000, 0x0000000083f00000| Untracked 
|  38|0x0000000084000000, 0x0000000084000000, 0x0000000084100000|  0%| F|  |TAMS 0x0000000084000000, 0x0000000084000000| Untracked 
|  39|0x0000000084100000, 0x0000000084100000, 0x0000000084200000|  0%| F|  |TAMS 0x0000000084100000, 0x0000000084100000| Untracked 
|  40|0x0000000084200000, 0x0000000084200000, 0x0000000084300000|  0%| F|  |TAMS 0x0000000084200000, 0x0000000084200000| Untracked 
|  41|0x0000000084300000, 0x0000000084300000, 0x0000000084400000|  0%| F|  |TAMS 0x0000000084300000, 0x0000000084300000| Untracked 
|  42|0x0000000084400000, 0x0000000084400000, 0x0000000084500000|  0%| F|  |TAMS 0x0000000084400000, 0x0000000084400000| Untracked 
|  43|0x0000000084500000, 0x0000000084500000, 0x0000000084600000|  0%| F|  |TAMS 0x0000000084500000, 0x0000000084500000| Untracked 
|  44|0x0000000084600000, 0x0000000084600000, 0x0000000084700000|  0%| F|  |TAMS 0x0000000084600000, 0x0000000084600000| Untracked 
|  45|0x0000000084700000, 0x0000000084700000, 0x0000000084800000|  0%| F|  |TAMS 0x0000000084700000, 0x0000000084700000| Untracked 
|  46|0x0000000084800000, 0x0000000084800000, 0x0000000084900000|  0%| F|  |TAMS 0x0000000084800000, 0x0000000084800000| Untracked 
|  47|0x0000000084900000, 0x0000000084900000, 0x0000000084a00000|  0%| F|  |TAMS 0x0000000084900000, 0x0000000084900000| Untracked 
|  48|0x0000000084a00000, 0x0000000084a00000, 0x0000000084b00000|  0%| F|  |TAMS 0x0000000084a00000, 0x0000000084a00000| Untracked 
|  49|0x0000000084b00000, 0x0000000084b00000, 0x0000000084c00000|  0%| F|  |TAMS 0x0000000084b00000, 0x0000000084b00000| Untracked 
|  50|0x0000000084c00000, 0x0000000084c00000, 0x0000000084d00000|  0%| F|  |TAMS 0x0000000084c00000, 0x0000000084c00000| Untracked 
|  51|0x0000000084d00000, 0x0000000084d00000, 0x0000000084e00000|  0%| F|  |TAMS 0x0000000084d00000, 0x0000000084d00000| Untracked 
|  52|0x0000000084e00000, 0x0000000084e00000, 0x0000000084f00000|  0%| F|  |TAMS 0x0000000084e00000, 0x0000000084e00000| Untracked 
|  53|0x0000000084f00000, 0x0000000084f00000, 0x0000000085000000|  0%| F|  |TAMS 0x0000000084f00000, 0x0000000084f00000| Untracked 
|  54|0x0000000085000000, 0x0000000085000000, 0x0000000085100000|  0%| F|  |TAMS 0x0000000085000000, 0x0000000085000000| Untracked 
|  55|0x0000000085100000, 0x0000000085100000, 0x0000000085200000|  0%| F|  |TAMS 0x0000000085100000, 0x0000000085100000| Untracked 
|  56|0x0000000085200000, 0x0000000085200000, 0x0000000085300000|  0%| F|  |TAMS 0x0000000085200000, 0x0000000085200000| Untracked 
|  57|0x0000000085300000, 0x0000000085300000, 0x0000000085400000|  0%| F|  |TAMS 0x0000000085300000, 0x0000000085300000| Untracked 
|  58|0x0000000085400000, 0x0000000085400000, 0x0000000085500000|  0%| F|  |TAMS 0x0000000085400000, 0x0000000085400000| Untracked 
|  59|0x0000000085500000, 0x0000000085500000, 0x0000000085600000|  0%| F|  |TAMS 0x0000000085500000, 0x0000000085500000| Untracked 
|  60|0x0000000085600000, 0x0000000085600000, 0x0000000085700000|  0%| F|  |TAMS 0x0000000085600000, 0x0000000085600000| Untracked 
|  61|0x0000000085700000, 0x0000000085700000, 0x0000000085800000|  0%| F|  |TAMS 0x0000000085700000, 0x0000000085700000| Untracked 
|  62|0x0000000085800000, 0x0000000085800000, 0x0000000085900000|  0%| F|  |TAMS 0x0000000085800000, 0x0000000085800000| Untracked 
|  63|0x0000000085900000, 0x0000000085900000, 0x0000000085a00000|  0%| F|  |TAMS 0x0000000085900000, 0x0000000085900000| Untracked 
|  64|0x0000000085a00000, 0x0000000085a00000, 0x0000000085b00000|  0%| F|  |TAMS 0x0000000085a00000, 0x0000000085a00000| Untracked 
|  65|0x0000000085b00000, 0x0000000085b00000, 0x0000000085c00000|  0%| F|  |TAMS 0x0000000085b00000, 0x0000000085b00000| Untracked 
|  66|0x0000000085c00000, 0x0000000085c00000, 0x0000000085d00000|  0%| F|  |TAMS 0x0000000085c00000, 0x0000000085c00000| Untracked 
|  67|0x0000000085d00000, 0x0000000085d00000, 0x0000000085e00000|  0%| F|  |TAMS 0x0000000085d00000, 0x0000000085d00000| Untracked 
|  68|0x0000000085e00000, 0x0000000085e00000, 0x0000000085f00000|  0%| F|  |TAMS 0x0000000085e00000, 0x0000000085e00000| Untracked 
|  69|0x0000000085f00000, 0x0000000085f00000, 0x0000000086000000|  0%| F|  |TAMS 0x0000000085f00000, 0x0000000085f00000| Untracked 
|  70|0x0000000086000000, 0x0000000086000000, 0x0000000086100000|  0%| F|  |TAMS 0x0000000086000000, 0x0000000086000000| Untracked 
|  71|0x0000000086100000, 0x0000000086100000, 0x0000000086200000|  0%| F|  |TAMS 0x0000000086100000, 0x0000000086100000| Untracked 
|  72|0x0000000086200000, 0x0000000086200000, 0x0000000086300000|  0%| F|  |TAMS 0x0000000086200000, 0x0000000086200000| Untracked 
|  73|0x0000000086300000, 0x0000000086300000, 0x0000000086400000|  0%| F|  |TAMS 0x0000000086300000, 0x0000000086300000| Untracked 
|  74|0x0000000086400000, 0x0000000086400000, 0x0000000086500000|  0%| F|  |TAMS 0x0000000086400000, 0x0000000086400000| Untracked 
|  75|0x0000000086500000, 0x0000000086500000, 0x0000000086600000|  0%| F|  |TAMS 0x0000000086500000, 0x0000000086500000| Untracked 
|  76|0x0000000086600000, 0x0000000086600000, 0x0000000086700000|  0%| F|  |TAMS 0x0000000086600000, 0x0000000086600000| Untracked 
|  77|0x0000000086700000, 0x0000000086700000, 0x0000000086800000|  0%| F|  |TAMS 0x0000000086700000, 0x0000000086700000| Untracked 
|  78|0x0000000086800000, 0x0000000086800000, 0x0000000086900000|  0%| F|  |TAMS 0x0000000086800000, 0x0000000086800000| Untracked 
|  79|0x0000000086900000, 0x0000000086900000, 0x0000000086a00000|  0%| F|  |TAMS 0x0000000086900000, 0x0000000086900000| Untracked 
|  80|0x0000000086a00000, 0x0000000086a00000, 0x0000000086b00000|  0%| F|  |TAMS 0x0000000086a00000, 0x0000000086a00000| Untracked 
|  81|0x0000000086b00000, 0x0000000086b00000, 0x0000000086c00000|  0%| F|  |TAMS 0x0000000086b00000, 0x0000000086b00000| Untracked 
|  82|0x0000000086c00000, 0x0000000086c00000, 0x0000000086d00000|  0%| F|  |TAMS 0x0000000086c00000, 0x0000000086c00000| Untracked 
|  83|0x0000000086d00000, 0x0000000086d00000, 0x0000000086e00000|  0%| F|  |TAMS 0x0000000086d00000, 0x0000000086d00000| Untracked 
|  84|0x0000000086e00000, 0x0000000086e00000, 0x0000000086f00000|  0%| F|  |TAMS 0x0000000086e00000, 0x0000000086e00000| Untracked 
|  85|0x0000000086f00000, 0x0000000086f00000, 0x0000000087000000|  0%| F|  |TAMS 0x0000000086f00000, 0x0000000086f00000| Untracked 
|  86|0x0000000087000000, 0x0000000087000000, 0x0000000087100000|  0%| F|  |TAMS 0x0000000087000000, 0x0000000087000000| Untracked 
|  87|0x0000000087100000, 0x0000000087100000, 0x0000000087200000|  0%| F|  |TAMS 0x0000000087100000, 0x0000000087100000| Untracked 
|  88|0x0000000087200000, 0x0000000087200000, 0x0000000087300000|  0%| F|  |TAMS 0x0000000087200000, 0x0000000087200000| Untracked 
|  89|0x0000000087300000, 0x0000000087300000, 0x0000000087400000|  0%| F|  |TAMS 0x0000000087300000, 0x0000000087300000| Untracked 
|  90|0x0000000087400000, 0x0000000087400000, 0x0000000087500000|  0%| F|  |TAMS 0x0000000087400000, 0x0000000087400000| Untracked 
|  91|0x0000000087500000, 0x0000000087500000, 0x0000000087600000|  0%| F|  |TAMS 0x0000000087500000, 0x0000000087500000| Untracked 
|  92|0x0000000087600000, 0x0000000087600000, 0x0000000087700000|  0%| F|  |TAMS 0x0000000087600000, 0x0000000087600000| Untracked 
|  93|0x0000000087700000, 0x0000000087700000, 0x0000000087800000|  0%| F|  |TAMS 0x0000000087700000, 0x0000000087700000| Untracked 
|  94|0x0000000087800000, 0x0000000087800000, 0x0000000087900000|  0%| F|  |TAMS 0x0000000087800000, 0x0000000087800000| Untracked 
|  95|0x0000000087900000, 0x0000000087900000, 0x0000000087a00000|  0%| F|  |TAMS 0x0000000087900000, 0x0000000087900000| Untracked 
|  96|0x0000000087a00000, 0x0000000087a00000, 0x0000000087b00000|  0%| F|  |TAMS 0x0000000087a00000, 0x0000000087a00000| Untracked 
|  97|0x0000000087b00000, 0x0000000087b00000, 0x0000000087c00000|  0%| F|  |TAMS 0x0000000087b00000, 0x0000000087b00000| Untracked 
|  98|0x0000000087c00000, 0x0000000087c00000, 0x0000000087d00000|  0%| F|  |TAMS 0x0000000087c00000, 0x0000000087c00000| Untracked 
|  99|0x0000000087d00000, 0x0000000087d00000, 0x0000000087e00000|  0%| F|  |TAMS 0x0000000087d00000, 0x0000000087d00000| Untracked 
| 100|0x0000000087e00000, 0x0000000087e00000, 0x0000000087f00000|  0%| F|  |TAMS 0x0000000087e00000, 0x0000000087e00000| Untracked 
| 101|0x0000000087f00000, 0x0000000087f00000, 0x0000000088000000|  0%| F|  |TAMS 0x0000000087f00000, 0x0000000087f00000| Untracked 
| 102|0x0000000088000000, 0x0000000088000000, 0x0000000088100000|  0%| F|  |TAMS 0x0000000088000000, 0x0000000088000000| Untracked 
| 103|0x0000000088100000, 0x0000000088100000, 0x0000000088200000|  0%| F|  |TAMS 0x0000000088100000, 0x0000000088100000| Untracked 
| 104|0x0000000088200000, 0x0000000088200000, 0x0000000088300000|  0%| F|  |TAMS 0x0000000088200000, 0x0000000088200000| Untracked 
| 105|0x0000000088300000, 0x0000000088300000, 0x0000000088400000|  0%| F|  |TAMS 0x0000000088300000, 0x0000000088300000| Untracked 
| 106|0x0000000088400000, 0x0000000088400000, 0x0000000088500000|  0%| F|  |TAMS 0x0000000088400000, 0x0000000088400000| Untracked 
| 107|0x0000000088500000, 0x0000000088500000, 0x0000000088600000|  0%| F|  |TAMS 0x0000000088500000, 0x0000000088500000| Untracked 
| 108|0x0000000088600000, 0x0000000088600000, 0x0000000088700000|  0%| F|  |TAMS 0x0000000088600000, 0x0000000088600000| Untracked 
| 109|0x0000000088700000, 0x0000000088700000, 0x0000000088800000|  0%| F|  |TAMS 0x0000000088700000, 0x0000000088700000| Untracked 
| 110|0x0000000088800000, 0x0000000088800000, 0x0000000088900000|  0%| F|  |TAMS 0x0000000088800000, 0x0000000088800000| Untracked 
| 111|0x0000000088900000, 0x0000000088900000, 0x0000000088a00000|  0%| F|  |TAMS 0x0000000088900000, 0x0000000088900000| Untracked 
| 112|0x0000000088a00000, 0x0000000088a00000, 0x0000000088b00000|  0%| F|  |TAMS 0x0000000088a00000, 0x0000000088a00000| Untracked 
| 113|0x0000000088b00000, 0x0000000088b00000, 0x0000000088c00000|  0%| F|  |TAMS 0x0000000088b00000, 0x0000000088b00000| Untracked 
| 114|0x0000000088c00000, 0x0000000088c00000, 0x0000000088d00000|  0%| F|  |TAMS 0x0000000088c00000, 0x0000000088c00000| Untracked 
| 115|0x0000000088d00000, 0x0000000088d00000, 0x0000000088e00000|  0%| F|  |TAMS 0x0000000088d00000, 0x0000000088d00000| Untracked 
| 116|0x0000000088e00000, 0x0000000088e00000, 0x0000000088f00000|  0%| F|  |TAMS 0x0000000088e00000, 0x0000000088e00000| Untracked 
| 117|0x0000000088f00000, 0x0000000088f00000, 0x0000000089000000|  0%| F|  |TAMS 0x0000000088f00000, 0x0000000088f00000| Untracked 
| 118|0x0000000089000000, 0x0000000089000000, 0x0000000089100000|  0%| F|  |TAMS 0x0000000089000000, 0x0000000089000000| Untracked 
| 119|0x0000000089100000, 0x0000000089100000, 0x0000000089200000|  0%| F|  |TAMS 0x0000000089100000, 0x0000000089100000| Untracked 
| 120|0x0000000089200000, 0x0000000089200000, 0x0000000089300000|  0%| F|  |TAMS 0x0000000089200000, 0x0000000089200000| Untracked 
| 121|0x0000000089300000, 0x0000000089300000, 0x0000000089400000|  0%| F|  |TAMS 0x0000000089300000, 0x0000000089300000| Untracked 
| 122|0x0000000089400000, 0x00000000894431a8, 0x0000000089500000| 26%| E|  |TAMS 0x0000000089400000, 0x0000000089400000| Complete 
| 123|0x0000000089500000, 0x0000000089600000, 0x0000000089600000|100%| E|CS|TAMS 0x0000000089500000, 0x0000000089500000| Complete 
| 124|0x0000000089600000, 0x0000000089700000, 0x0000000089700000|100%| E|CS|TAMS 0x0000000089600000, 0x0000000089600000| Complete 
| 125|0x0000000089700000, 0x0000000089800000, 0x0000000089800000|100%| E|CS|TAMS 0x0000000089700000, 0x0000000089700000| Complete 
| 126|0x0000000089800000, 0x0000000089900000, 0x0000000089900000|100%| E|CS|TAMS 0x0000000089800000, 0x0000000089800000| Complete 
| 127|0x0000000089900000, 0x0000000089a00000, 0x0000000089a00000|100%| E|CS|TAMS 0x0000000089900000, 0x0000000089900000| Complete 

Card table byte_map: [0x000001454cbb0000,0x000001454cfb0000] _byte_map_base: 0x000001454c7a3000

Marking Bits (Prev, Next): (CMBitMap*) 0x000001453833c6d0, (CMBitMap*) 0x000001453833c710
 Prev Bits: [0x000001454d3b0000, 0x000001454f348000)
 Next Bits: [0x000001454f350000, 0x00000145512e8000)

Polling page: 0x00000145383c0000

Metaspace:

Usage:
  Non-class:      8.37 MB used.
      Class:    809.55 KB used.
       Both:      9.16 MB used.

Virtual space:
  Non-class space:       16.00 MB reserved,       8.38 MB ( 52%) committed,  2 nodes.
      Class space:        1.00 GB reserved,     896.00 KB ( <1%) committed,  1 nodes.
             Both:        1.02 GB reserved,       9.25 MB ( <1%) committed. 

Chunk freelists:
   Non-Class:  2.75 MB
       Class:  2.97 MB
        Both:  5.72 MB

MaxMetaspaceSize: unlimited
CompressedClassSpaceSize: 1.00 GB
Initial GC threshold: 21.00 MB
Current GC threshold: 21.00 MB
CDS: off
MetaspaceReclaimPolicy: balanced
 - commit_granule_bytes: 65536.
 - commit_granule_words: 8192.
 - virtual_space_node_default_size: 1048576.
 - enlarge_chunks_in_place: 1.
 - new_chunks_are_fully_committed: 0.
 - uncommit_free_chunks: 1.
 - use_allocation_guard: 0.
 - handle_deallocations: 1.


Internal statistics:

num_allocs_failed_limit: 0.
num_arena_births: 8.
num_arena_deaths: 0.
num_vsnodes_births: 3.
num_vsnodes_deaths: 0.
num_space_committed: 148.
num_space_uncommitted: 0.
num_chunks_returned_to_freelist: 0.
num_chunks_taken_from_freelist: 46.
num_chunk_merges: 0.
num_chunk_splits: 19.
num_chunks_enlarged: 15.
num_purges: 0.
num_inconsistent_stats: 0.

CodeHeap 'non-profiled nmethods': size=120000Kb used=141Kb max_used=141Kb free=119858Kb
 bounds [0x0000014544c50000, 0x0000014544ec0000, 0x000001454c180000]
CodeHeap 'profiled nmethods': size=120000Kb used=658Kb max_used=658Kb free=119341Kb
 bounds [0x000001453d720000, 0x000001453d990000, 0x0000014544c50000]
CodeHeap 'non-nmethods': size=5760Kb used=1199Kb max_used=1217Kb free=4560Kb
 bounds [0x000001453d180000, 0x000001453d3f0000, 0x000001453d720000]
 total_blobs=865 nmethods=450 adapters=328
 compilation: enabled
              stopped_count=0, restarted_count=0
 full_count=0

Compilation events (20 events):
Event: 0.586 Thread 0x0000014554416870 nmethod 440 0x000001453d7c0990 code [0x000001453d7c0b60, 0x000001453d7c0f88]
Event: 0.588 Thread 0x0000014554416870  442       3       java.util.ArrayList::grow (60 bytes)
Event: 0.589 Thread 0x0000014554416870 nmethod 442 0x000001453d7c1190 code [0x000001453d7c1380, 0x000001453d7c19f8]
Event: 0.593 Thread 0x0000014554416870  443       3       org.eclipse.jdt.launching.internal.org.objectweb.asm.ClassReader::readUnsignedShort (26 bytes)
Event: 0.593 Thread 0x0000014554416870 nmethod 443 0x000001453d7c1c10 code [0x000001453d7c1da0, 0x000001453d7c1f18]
Event: 0.593 Thread 0x0000014554416870  445       3       java.lang.String::<init> (74 bytes)
Event: 0.593 Thread 0x0000014554416870 nmethod 445 0x000001453d7c2010 code [0x000001453d7c21e0, 0x000001453d7c25f8]
Event: 0.593 Thread 0x0000014554416870  444       3       java.lang.StringUTF16::compress (20 bytes)
Event: 0.594 Thread 0x0000014554416870 nmethod 444 0x000001453d7c2710 code [0x000001453d7c28c0, 0x000001453d7c2b08]
Event: 0.594 Thread 0x0000014554416870  446       3       org.eclipse.jdt.launching.internal.org.objectweb.asm.ClassReader::readUtf (44 bytes)
Event: 0.594 Thread 0x0000014554416870 nmethod 446 0x000001453d7c2c10 code [0x000001453d7c2de0, 0x000001453d7c31d8]
Event: 0.612 Thread 0x0000014554413dc0 nmethod 433 0x0000014544c72390 code [0x0000014544c72540, 0x0000014544c73178]
Event: 16.496 Thread 0x0000014554416870  447       3       org.eclipse.jdt.launching.internal.org.objectweb.asm.ClassReader::readUTF8 (23 bytes)
Event: 16.496 Thread 0x0000014554416870 nmethod 447 0x000001453d7c3390 code [0x000001453d7c3540, 0x000001453d7c3798]
Event: 16.496 Thread 0x0000014554416870  448       3       org.eclipse.jdt.launching.internal.org.objectweb.asm.ClassReader::getItem (7 bytes)
Event: 16.496 Thread 0x0000014554416870 nmethod 448 0x000001453d7c3890 code [0x000001453d7c3a20, 0x000001453d7c3b58]
Event: 16.496 Thread 0x0000014554416870  449       3       java.lang.String::<init> (14 bytes)
Event: 16.497 Thread 0x0000014554416870 nmethod 449 0x000001453d7c3c10 code [0x000001453d7c3dc0, 0x000001453d7c3fd8]
Event: 78.766 Thread 0x0000014554416870  450       3       org.eclipse.jdt.launching.internal.org.objectweb.asm.ClassReader::readUtf (161 bytes)
Event: 78.767 Thread 0x0000014554416870 nmethod 450 0x000001453d7c4110 code [0x000001453d7c42e0, 0x000001453d7c4788]

GC Heap History (0 events):
No events

Deoptimization events (20 events):
Event: 0.568 Thread 0x00000145382df2d0 DEOPT PACKING pc=0x000001453d7a8c2c sp=0x0000000cf8bf8150
Event: 0.568 Thread 0x00000145382df2d0 DEOPT UNPACKING pc=0x000001453d1d2b43 sp=0x0000000cf8bf75b8 mode 0
Event: 0.570 Thread 0x00000145382df2d0 DEOPT PACKING pc=0x000001453d7a8c2c sp=0x0000000cf8bfbba0
Event: 0.570 Thread 0x00000145382df2d0 DEOPT UNPACKING pc=0x000001453d1d2b43 sp=0x0000000cf8bfb008 mode 0
Event: 0.571 Thread 0x00000145382df2d0 DEOPT PACKING pc=0x000001453d7a8c2c sp=0x0000000cf8bfbba0
Event: 0.571 Thread 0x00000145382df2d0 DEOPT UNPACKING pc=0x000001453d1d2b43 sp=0x0000000cf8bfb008 mode 0
Event: 0.571 Thread 0x00000145382df2d0 DEOPT PACKING pc=0x000001453d7a8c2c sp=0x0000000cf8bfbba0
Event: 0.571 Thread 0x00000145382df2d0 DEOPT UNPACKING pc=0x000001453d1d2b43 sp=0x0000000cf8bfb008 mode 0
Event: 0.580 Thread 0x00000145382df2d0 DEOPT PACKING pc=0x000001453d7a8c2c sp=0x0000000cf8bfbba0
Event: 0.580 Thread 0x00000145382df2d0 DEOPT UNPACKING pc=0x000001453d1d2b43 sp=0x0000000cf8bfb008 mode 0
Event: 0.582 Thread 0x00000145382df2d0 DEOPT PACKING pc=0x000001453d7a8c2c sp=0x0000000cf8bfba50
Event: 0.582 Thread 0x00000145382df2d0 DEOPT UNPACKING pc=0x000001453d1d2b43 sp=0x0000000cf8bfaeb8 mode 0
Event: 0.587 Thread 0x00000145382df2d0 DEOPT PACKING pc=0x000001453d7a8c2c sp=0x0000000cf8bf7d40
Event: 0.587 Thread 0x00000145382df2d0 DEOPT UNPACKING pc=0x000001453d1d2b43 sp=0x0000000cf8bf71a8 mode 0
Event: 0.587 Thread 0x00000145382df2d0 DEOPT PACKING pc=0x000001453d7a8c2c sp=0x0000000cf8bf7d40
Event: 0.587 Thread 0x00000145382df2d0 DEOPT UNPACKING pc=0x000001453d1d2b43 sp=0x0000000cf8bf71a8 mode 0
Event: 0.587 Thread 0x00000145382df2d0 DEOPT PACKING pc=0x000001453d7a8b54 sp=0x0000000cf8bf7d40
Event: 0.587 Thread 0x00000145382df2d0 DEOPT UNPACKING pc=0x000001453d1d2b43 sp=0x0000000cf8bf71a8 mode 0
Event: 0.587 Thread 0x00000145382df2d0 DEOPT PACKING pc=0x000001453d7a8b54 sp=0x0000000cf8bf7d40
Event: 0.587 Thread 0x00000145382df2d0 DEOPT UNPACKING pc=0x000001453d1d2b43 sp=0x0000000cf8bf71a8 mode 0

Classes unloaded (0 events):
No events

Classes redefined (2 events):
Event: 16.498 Thread 0x000001455393be60 redefined class name=fr.diginamic.enumerations.Saison, count=1
Event: 78.768 Thread 0x000001455393be60 redefined class name=fr.diginamic.enumerations.Saison, count=2

Internal exceptions (1 events):
Event: 0.594 Thread 0x00000145382df2d0 Exception <a 'java/lang/NullPointerException'{0x0000000089407588}> (0x0000000089407588) 
thrown [s\src\hotspot\share\interpreter\linkResolver.cpp, line 1350]

VM Operations (20 events):
Event: 68.155 Executing VM operation: get/set locals
Event: 68.155 Executing VM operation: get/set locals done
Event: 68.155 Executing VM operation: get/set locals
Event: 68.155 Executing VM operation: get/set locals done
Event: 68.155 Executing VM operation: get/set locals
Event: 68.155 Executing VM operation: get/set locals done
Event: 68.156 Executing VM operation: get/set locals
Event: 68.156 Executing VM operation: get/set locals done
Event: 68.156 Executing VM operation: get/set locals
Event: 68.157 Executing VM operation: get/set locals done
Event: 78.764 Executing VM operation: ChangeSingleStep
Event: 78.764 Executing VM operation: ChangeSingleStep done
Event: 78.764 Executing VM operation: ChangeSingleStep
Event: 78.764 Executing VM operation: ChangeSingleStep done
Event: 78.767 Executing VM operation: RedefineClasses
Event: 78.770 Executing VM operation: RedefineClasses done
Event: 78.772 Executing VM operation: ChangeSingleStep
Event: 78.772 Executing VM operation: ChangeSingleStep done
Event: 78.774 Executing VM operation: ChangeSingleStep
Event: 78.774 Executing VM operation: ChangeSingleStep done

Events (20 events):
Event: 0.559 loading class jdk/internal/reflect/ClassFileAssembler
Event: 0.559 loading class jdk/internal/reflect/ClassFileAssembler done
Event: 0.560 loading class jdk/internal/reflect/UTF8
Event: 0.560 loading class jdk/internal/reflect/UTF8 done
Event: 0.561 loading class jdk/internal/reflect/Label
Event: 0.561 loading class jdk/internal/reflect/Label done
Event: 0.561 loading class jdk/internal/reflect/Label$PatchInfo
Event: 0.561 loading class jdk/internal/reflect/Label$PatchInfo done
Event: 0.561 loading class jdk/internal/reflect/MethodAccessorGenerator$1
Event: 0.561 loading class jdk/internal/reflect/MethodAccessorGenerator$1 done
Event: 0.561 loading class jdk/internal/reflect/ClassDefiner
Event: 0.561 loading class jdk/internal/reflect/ClassDefiner done
Event: 0.561 loading class jdk/internal/reflect/ClassDefiner$1
Event: 0.561 loading class jdk/internal/reflect/ClassDefiner$1 done
Event: 0.561 loading class jdk/internal/reflect/BootstrapConstructorAccessorImpl
Event: 0.561 loading class jdk/internal/reflect/BootstrapConstructorAccessorImpl done
Event: 0.577 Thread 0x0000014554d53060 Thread added: 0x0000014554d53060
Event: 0.589 loading class java/lang/IllegalStateException
Event: 0.589 loading class java/lang/IllegalStateException done
Event: 5.596 Thread 0x0000014554d53060 Thread exited: 0x0000014554d53060


Dynamic libraries:
0x00007ff6ee320000 - 0x00007ff6ee32e000 	C:\Users\user\Downloads\sts-4.16.0.RELEASE\plugins\org.eclipse.justj.openjdk.hotspot.jre.full.win32.x86_64_17.0.4.v20220903-1038\jre\bin\javaw.exe
0x00007ffa5ced0000 - 0x00007ffa5d0c8000 	C:\WINDOWS\SYSTEM32\ntdll.dll
0x00007ffa5bee0000 - 0x00007ffa5bf9d000 	C:\WINDOWS\System32\KERNEL32.DLL
0x00007ffa5aad0000 - 0x00007ffa5ada2000 	C:\WINDOWS\System32\KERNELBASE.dll
0x00007ffa5a870000 - 0x00007ffa5a970000 	C:\WINDOWS\System32\ucrtbase.dll
0x00007ffa465c0000 - 0x00007ffa465d9000 	C:\Users\user\Downloads\sts-4.16.0.RELEASE\plugins\org.eclipse.justj.openjdk.hotspot.jre.full.win32.x86_64_17.0.4.v20220903-1038\jre\bin\VCRUNTIME140.dll
0x00007ffa46df0000 - 0x00007ffa46e08000 	C:\Users\user\Downloads\sts-4.16.0.RELEASE\plugins\org.eclipse.justj.openjdk.hotspot.jre.full.win32.x86_64_17.0.4.v20220903-1038\jre\bin\jli.dll
0x00007ffa5b740000 - 0x00007ffa5b8dd000 	C:\WINDOWS\System32\USER32.dll
0x00007ffa4f550000 - 0x00007ffa4f7ea000 	C:\WINDOWS\WinSxS\amd64_microsoft.windows.common-controls_6595b64144ccf1df_6.0.19041.1110_none_60b5254171f9507e\COMCTL32.dll
0x00007ffa5af00000 - 0x00007ffa5af22000 	C:\WINDOWS\System32\win32u.dll
0x00007ffa5c050000 - 0x00007ffa5c0ee000 	C:\WINDOWS\System32\msvcrt.dll
0x00007ffa5b5e0000 - 0x00007ffa5b60b000 	C:\WINDOWS\System32\GDI32.dll
0x00007ffa5a9c0000 - 0x00007ffa5aacf000 	C:\WINDOWS\System32\gdi32full.dll
0x00007ffa5a7d0000 - 0x00007ffa5a86d000 	C:\WINDOWS\System32\msvcp_win.dll
0x00007ffa5bd50000 - 0x00007ffa5bd80000 	C:\WINDOWS\System32\IMM32.DLL
0x00007ffa579d0000 - 0x00007ffa579dc000 	C:\Users\user\Downloads\sts-4.16.0.RELEASE\plugins\org.eclipse.justj.openjdk.hotspot.jre.full.win32.x86_64_17.0.4.v20220903-1038\jre\bin\vcruntime140_1.dll
0x00007ffa33380000 - 0x00007ffa33411000 	C:\Users\user\Downloads\sts-4.16.0.RELEASE\plugins\org.eclipse.justj.openjdk.hotspot.jre.full.win32.x86_64_17.0.4.v20220903-1038\jre\bin\msvcp140.dll
0x00007ffa0dc80000 - 0x00007ffa0e8c6000 	C:\Users\user\Downloads\sts-4.16.0.RELEASE\plugins\org.eclipse.justj.openjdk.hotspot.jre.full.win32.x86_64_17.0.4.v20220903-1038\jre\bin\server\jvm.dll
0x00007ffa5bfa0000 - 0x00007ffa5c04e000 	C:\WINDOWS\System32\ADVAPI32.dll
0x00007ffa5b690000 - 0x00007ffa5b72c000 	C:\WINDOWS\System32\sechost.dll
0x00007ffa5b200000 - 0x00007ffa5b325000 	C:\WINDOWS\System32\RPCRT4.dll
0x00007ffa5cac0000 - 0x00007ffa5cac8000 	C:\WINDOWS\System32\PSAPI.DLL
0x00007ffa50cf0000 - 0x00007ffa50d17000 	C:\WINDOWS\SYSTEM32\WINMM.dll
0x00007ffa43390000 - 0x00007ffa43399000 	C:\WINDOWS\SYSTEM32\WSOCK32.dll
0x00007ffa5bd80000 - 0x00007ffa5bdeb000 	C:\WINDOWS\System32\WS2_32.dll
0x00007ffa52cd0000 - 0x00007ffa52cda000 	C:\WINDOWS\SYSTEM32\VERSION.dll
0x00007ffa58e30000 - 0x00007ffa58e42000 	C:\WINDOWS\SYSTEM32\kernel.appcore.dll
0x00007ffa579b0000 - 0x00007ffa579ba000 	C:\Users\user\Downloads\sts-4.16.0.RELEASE\plugins\org.eclipse.justj.openjdk.hotspot.jre.full.win32.x86_64_17.0.4.v20220903-1038\jre\bin\jimage.dll
0x00007ffa58390000 - 0x00007ffa58574000 	C:\WINDOWS\SYSTEM32\DBGHELP.DLL
0x00007ffa446a0000 - 0x00007ffa446cc000 	C:\WINDOWS\SYSTEM32\dbgcore.DLL
0x00007ffa5a5e0000 - 0x00007ffa5a662000 	C:\WINDOWS\System32\bcryptPrimitives.dll
0x00007ffa4abe0000 - 0x00007ffa4ac1b000 	C:\Users\user\Downloads\sts-4.16.0.RELEASE\plugins\org.eclipse.justj.openjdk.hotspot.jre.full.win32.x86_64_17.0.4.v20220903-1038\jre\bin\jdwp.dll
0x00007ffa57540000 - 0x00007ffa5754e000 	C:\Users\user\Downloads\sts-4.16.0.RELEASE\plugins\org.eclipse.justj.openjdk.hotspot.jre.full.win32.x86_64_17.0.4.v20220903-1038\jre\bin\instrument.dll
0x00007ffa4fcb0000 - 0x00007ffa4fcd5000 	C:\Users\user\Downloads\sts-4.16.0.RELEASE\plugins\org.eclipse.justj.openjdk.hotspot.jre.full.win32.x86_64_17.0.4.v20220903-1038\jre\bin\java.dll
0x00007ffa57330000 - 0x00007ffa57348000 	C:\Users\user\Downloads\sts-4.16.0.RELEASE\plugins\org.eclipse.justj.openjdk.hotspot.jre.full.win32.x86_64_17.0.4.v20220903-1038\jre\bin\zip.dll
0x00007ffa5c110000 - 0x00007ffa5c853000 	C:\WINDOWS\System32\SHELL32.dll
0x00007ffa58680000 - 0x00007ffa58e11000 	C:\WINDOWS\SYSTEM32\windows.storage.dll
0x00007ffa5cb30000 - 0x00007ffa5ce84000 	C:\WINDOWS\System32\combase.dll
0x00007ffa5a040000 - 0x00007ffa5a070000 	C:\WINDOWS\SYSTEM32\Wldp.dll
0x00007ffa5c860000 - 0x00007ffa5c90d000 	C:\WINDOWS\System32\SHCORE.dll
0x00007ffa5b0c0000 - 0x00007ffa5b115000 	C:\WINDOWS\System32\shlwapi.dll
0x00007ffa5a520000 - 0x00007ffa5a53f000 	C:\WINDOWS\SYSTEM32\profapi.dll
0x00007ffa53f60000 - 0x00007ffa53f6c000 	C:\Users\user\Downloads\sts-4.16.0.RELEASE\plugins\org.eclipse.justj.openjdk.hotspot.jre.full.win32.x86_64_17.0.4.v20220903-1038\jre\bin\dt_socket.dll
0x00007ffa59a40000 - 0x00007ffa59a7b000 	C:\WINDOWS\SYSTEM32\IPHLPAPI.DLL
0x00007ffa59da0000 - 0x00007ffa59e0a000 	C:\WINDOWS\system32\mswsock.dll
0x00007ffa59a90000 - 0x00007ffa59b5a000 	C:\WINDOWS\SYSTEM32\DNSAPI.dll
0x00007ffa5b730000 - 0x00007ffa5b738000 	C:\WINDOWS\System32\NSI.dll
0x00007ffa479f0000 - 0x00007ffa479fa000 	C:\Windows\System32\rasadhlp.dll
0x00007ffa48550000 - 0x00007ffa485d0000 	C:\WINDOWS\System32\fwpuclnt.dll
0x00007ffa5aed0000 - 0x00007ffa5aef7000 	C:\WINDOWS\System32\bcrypt.dll
0x00007ffa4fc90000 - 0x00007ffa4fca9000 	C:\Users\user\Downloads\sts-4.16.0.RELEASE\plugins\org.eclipse.justj.openjdk.hotspot.jre.full.win32.x86_64_17.0.4.v20220903-1038\jre\bin\net.dll
0x00007ffa482d0000 - 0x00007ffa483dd000 	C:\WINDOWS\SYSTEM32\WINHTTP.dll
0x00007ffa4fc70000 - 0x00007ffa4fc85000 	C:\Users\user\Downloads\sts-4.16.0.RELEASE\plugins\org.eclipse.justj.openjdk.hotspot.jre.full.win32.x86_64_17.0.4.v20220903-1038\jre\bin\nio.dll
0x00007ffa569c0000 - 0x00007ffa569d0000 	C:\Users\user\Downloads\sts-4.16.0.RELEASE\plugins\org.eclipse.justj.openjdk.hotspot.jre.full.win32.x86_64_17.0.4.v20220903-1038\jre\bin\verify.dll

dbghelp: loaded successfully - version: 4.0.5 - missing functions: none
symbol engine: initialized successfully - sym options: 0x614 - pdb path: .;C:\Users\user\Downloads\sts-4.16.0.RELEASE\plugins\org.eclipse.justj.openjdk.hotspot.jre.full.win32.x86_64_17.0.4.v20220903-1038\jre\bin;C:\WINDOWS\SYSTEM32;C:\WINDOWS\WinSxS\amd64_microsoft.windows.common-controls_6595b64144ccf1df_6.0.19041.1110_none_60b5254171f9507e;C:\Users\user\Downloads\sts-4.16.0.RELEASE\plugins\org.eclipse.justj.openjdk.hotspot.jre.full.win32.x86_64_17.0.4.v20220903-1038\jre\bin\server

VM Arguments:
jvm_args: -XX:+ShowCodeDetailsInExceptionMessages -agentlib:jdwp=transport=dt_socket,suspend=y,address=localhost:61884 -javaagent:C:\Users\user\Downloads\sts-4.16.0.RELEASE\configuration\org.eclipse.osgi\268\0\.cp\lib\javaagent-shaded.jar -Dfile.encoding=UTF-8 
java_command: SaisonTest
java_class_path (initial): C:\work-space-java-2\demo-tests-unitaires\target\test-classes;C:\work-space-java-2\demo-tests-unitaires\target\classes;C:\Users\user\.m2\repository\junit\junit\4.13.2\junit-4.13.2.jar;C:\Users\user\.m2\repository\org\hamcrest\hamcrest-core\1.3\hamcrest-core-1.3.jar
Launcher Type: SUN_STANDARD

[Global flags]
     intx CICompilerCount                          = 3                                         {product} {ergonomic}
     uint ConcGCThreads                            = 1                                         {product} {ergonomic}
     uint G1ConcRefinementThreads                  = 4                                         {product} {ergonomic}
   size_t G1HeapRegionSize                         = 1048576                                   {product} {ergonomic}
    uintx GCDrainStackTargetSize                   = 64                                        {product} {ergonomic}
   size_t InitialHeapSize                          = 134217728                                 {product} {ergonomic}
   size_t MarkStackSize                            = 4194304                                   {product} {ergonomic}
   size_t MaxHeapSize                              = 2120220672                                {product} {ergonomic}
   size_t MaxNewSize                               = 1271922688                                {product} {ergonomic}
   size_t MinHeapDeltaBytes                        = 1048576                                   {product} {ergonomic}
   size_t MinHeapSize                              = 8388608                                   {product} {ergonomic}
    uintx NonNMethodCodeHeapSize                   = 5832780                                {pd product} {ergonomic}
    uintx NonProfiledCodeHeapSize                  = 122912730                              {pd product} {ergonomic}
    uintx ProfiledCodeHeapSize                     = 122912730                              {pd product} {ergonomic}
    uintx ReservedCodeCacheSize                    = 251658240                              {pd product} {ergonomic}
     bool SegmentedCodeCache                       = true                                      {product} {ergonomic}
     bool ShowCodeDetailsInExceptionMessages       = true                                   {manageable} {command line}
   size_t SoftMaxHeapSize                          = 2120220672                             {manageable} {ergonomic}
     bool UseCompressedClassPointers               = true                           {product lp64_product} {ergonomic}
     bool UseCompressedOops                        = true                           {product lp64_product} {ergonomic}
     bool UseG1GC                                  = true                                      {product} {ergonomic}
     bool UseLargePagesIndividualAllocation        = false                                  {pd product} {ergonomic}

Logging:
Log output configuration:
 #0: stdout all=warning uptime,level,tags
 #1: stderr all=off uptime,level,tags

Environment Variables:
JAVA_HOME=C:\Program Files\Java\jdk-17.0.4.1
PATH=C:\Users\user\Downloads\sts-4.16.0.RELEASE\plugins\org.eclipse.justj.openjdk.hotspot.jre.full.win32.x86_64_17.0.4.v20220903-1038\jre\bin;C:/Users/user/Downloads/sts-4.16.0.RELEASE//plugins/org.eclipse.justj.openjdk.hotspot.jre.full.win32.x86_64_17.0.4.v20220903-1038/jre/bin/server;C:/Users/user/Downloads/sts-4.16.0.RELEASE//plugins/org.eclipse.justj.openjdk.hotspot.jre.full.win32.x86_64_17.0.4.v20220903-1038/jre/bin;C:\Program Files\Java\jdk-17.0.4.1\bin;C:\Program Files\Common Files\Oracle\Java\javapath;C:\WINDOWS\system32;C:\WINDOWS;C:\WINDOWS\System32\Wbem;C:\WINDOWS\System32\WindowsPowerShell\v1.0\;C:\WINDOWS\System32\OpenSSH\;C:\Program Files\Git\cmd;%M2_HOME%\bin;C:\Users\user\AppData\Local\Microsoft\WindowsApps;C:\Users\user\AppData\Local\Programs\Microsoft VS Code\bin;C:\maven\apache-maven-3.8.6\bin;;C:\Users\user\Downloads\sts-4.16.0.RELEASE;
USERNAME=user
OS=Windows_NT
PROCESSOR_IDENTIFIER=Intel64 Family 6 Model 142 Stepping 9, GenuineIntel
TMP=C:\Users\user\AppData\Local\Temp
TEMP=C:\Users\user\AppData\Local\Temp



---------------  S Y S T E M  ---------------

OS:
 Windows 10 , 64 bit Build 19041 (10.0.19041.1889)
OS uptime: 5 days 13:13 hours

CPU: total 4 (initial active 4) (2 cores per cpu, 2 threads per core) family 6 model 142 stepping 9 microcode 0xf0, cx8, cmov, fxsr, ht, mmx, 3dnowpref, sse, sse2, sse3, ssse3, sse4.1, sse4.2, popcnt, lzcnt, tsc, tscinvbit, avx, avx2, aes, erms, clmul, bmi1, bmi2, adx, fma, vzeroupper, clflush, clflushopt

Memory: 4k page, system-wide physical 8086M (1322M free)
TotalPageFile size 11542M (AvailPageFile size 3192M)
current process WorkingSet (physical memory assigned to process): 45M, peak: 48M
current process commit charge ("private bytes"): 202M, peak: 205M

vm_info: OpenJDK 64-Bit Server VM (17.0.4.1+1) for windows-amd64 JRE (17.0.4.1+1), built on Aug 17 2022 07:42:43 by "temurin" with MS VC++ 16.7 (VS2019)

END.
